10m         Normal    ScalingReplicaSet        deployment/openebs-ndm-operator                     Scaled down replica set openebs-ndm-opera tor-5f6bf6fb48 to 0 from 1
10m         Normal    Killing                  pod/openebs-ndm-operator-5f6bf6fb48-4s6x9           Stopping container openebs-ndm-operator
10m         Normal    SuccessfulDelete         replicaset/openebs-ndm-operator-5f6bf6fb48          Deleted pod: openebs-ndm-operator-5f6bf6f b48-4s6x9
10m         Normal    SuccessfulDelete         replicaset/openebs-localpv-provisioner-8488c699fb   Deleted pod: openebs-localpv-provisioner- 8488c699fb-rxxmp
10m         Normal    ScalingReplicaSet        deployment/openebs-localpv-provisioner              Scaled down replica set openebs-localpv-p rovisioner-8488c699fb to 0 from 1
10m         Normal    SuccessfulCreate         replicaset/openebs-ndm-operator-7bbc4486cf          Created pod: openebs-ndm-operator-7bbc448 6cf-lk2q8
10m         Normal    Scheduled                pod/openebs-ndm-operator-7bbc4486cf-lk2q8           Successfully assigned openebs/openebs-ndm -operator-7bbc4486cf-lk2q8 to vmd38168.contaboserver.net
10m         Normal    Scheduled                pod/openebs-localpv-provisioner-5c7dfdf9fb-tsml7    Successfully assigned openebs/openebs-loc alpv-provisioner-5c7dfdf9fb-tsml7 to vmd38168.contaboserver.net
10m         Normal    SuccessfulCreate         replicaset/openebs-localpv-provisioner-5c7dfdf9fb   Created pod: openebs-localpv-provisioner- 5c7dfdf9fb-tsml7
10m         Normal    ScalingReplicaSet        deployment/openebs-ndm-operator                     Scaled up replica set openebs-ndm-operato r-7bbc4486cf to 1
10m         Normal    ScalingReplicaSet        deployment/openebs-localpv-provisioner              Scaled up replica set openebs-localpv-pro visioner-5c7dfdf9fb to 1
10m         Normal    Started                  pod/openebs-ndm-operator-7bbc4486cf-lk2q8           Started container openebs-ndm-operator
10m         Normal    Pulled                   pod/openebs-ndm-operator-7bbc4486cf-lk2q8           Container image "openebs/node-disk-operat or:2.1.0" already present on machine
10m         Normal    Created                  pod/openebs-ndm-operator-7bbc4486cf-lk2q8           Created container openebs-ndm-operator
10m         Normal    Pulling                  pod/openebs-localpv-provisioner-5c7dfdf9fb-tsml7    Pulling image "openebs/provisioner-localp v:3.3.0"
10m         Normal    Pulled                   pod/openebs-localpv-provisioner-5c7dfdf9fb-tsml7    Successfully pulled image "openebs/provis ioner-localpv:3.3.0" in 5.263336427s (5.263355383s including waiting)
10m         Normal    Created                  pod/openebs-localpv-provisioner-5c7dfdf9fb-tsml7    Created container openebs-localpv-provisi oner
10m         Normal    Started                  pod/openebs-localpv-provisioner-5c7dfdf9fb-tsml7    Started container openebs-localpv-provisi oner
10m         Normal    LeaderElection           endpoints/openebs.io-local                          openebs-localpv-provisioner-5c7dfdf9fb-ts ml7_29fbc735-c702-4e89-be80-ccfeaa4f0242 became leader
9m55s       Warning   Unhealthy                pod/openebs-localpv-provisioner-5c7dfdf9fb-tsml7    Liveness probe errored: rpc error: code =  Unknown desc = failed to exec in container: failed to start exec "94c48d86e202ea591446f4d937a6d2e3adae4720df35be989f82cf5bf586c5b1": OCI ru ntime exec failed: exec failed: unable to start container process: exec /bin/sh: exec format error: unknown
8m55s       Warning   Unhealthy                pod/openebs-localpv-provisioner-5c7dfdf9fb-tsml7    Liveness probe errored: rpc error: code =  Unknown desc = failed to exec in container: failed to start exec "b7dd6eb4fa1969f4557733c3b2821c4c80768c1d27f500e7256489a45069d912": OCI ru ntime exec failed: exec failed: unable to start container process: exec /bin/sh: exec format error: unknown
7m55s       Warning   Unhealthy                pod/openebs-localpv-provisioner-5c7dfdf9fb-tsml7    Liveness probe errored: rpc error: code =  Unknown desc = failed to exec in container: failed to start exec "33c4809348b781a728e84080c0e1ceb0b7011952d4552e6903a1c3ccd8bba717": OCI ru ntime exec failed: exec failed: unable to start container process: exec /bin/sh: exec format error: unknown
6m55s       Warning   Unhealthy                pod/openebs-localpv-provisioner-5c7dfdf9fb-tsml7    Liveness probe errored: rpc error: code =  Unknown desc = failed to exec in container: failed to start exec "e113ca4badc643b63b3922801e357eec1c30c4eac8bd44fbbd0841967f3af1a2": OCI ru ntime exec failed: exec failed: unable to start container process: exec /bin/sh: exec format error: unknown
5m55s       Warning   Unhealthy                pod/openebs-localpv-provisioner-5c7dfdf9fb-tsml7    Liveness probe errored: rpc error: code =  Unknown desc = failed to exec in container: failed to start exec "24f200a5d09fb5fa32fcb1e3ea86513db31f401401ef80b2ccd88ae036694c17": OCI ru ntime exec failed: exec failed: unable to start container process: exec /bin/sh: exec format error: unknown
4m55s       Warning   Unhealthy                pod/openebs-localpv-provisioner-5c7dfdf9fb-tsml7    Liveness probe errored: rpc error: code =  Unknown desc = failed to exec in container: failed to start exec "acdf521f1ef0e78ca1b573a4bbda5a09dde0becf3c86c91171af9fd2dd5caca3": OCI ru ntime exec failed: exec failed: unable to start container process: exec /bin/sh: exec format error: unknown
3m55s       Warning   Unhealthy                pod/openebs-localpv-provisioner-5c7dfdf9fb-tsml7    Liveness probe errored: rpc error: code =  Unknown desc = failed to exec in container: failed to start exec "e1dcc033a1545de0b0b7df085fd3b0d9cb4e54fab3547771f733b256cc3dae88": OCI ru ntime exec failed: exec failed: unable to start container process: exec /bin/sh: exec format error: unknown
2m55s       Warning   Unhealthy                pod/openebs-localpv-provisioner-5c7dfdf9fb-tsml7    Liveness probe errored: rpc error: code =  Unknown desc = failed to exec in container: failed to start exec "caeb6990d7dff3dd6f4b435da428ada4b6da23f476b1f37260cfaa281c5dd6a6": OCI ru ntime exec failed: exec failed: unable to start container process: exec /bin/sh: exec format error: unknown
115s        Warning   Unhealthy                pod/openebs-localpv-provisioner-5c7dfdf9fb-tsml7    Liveness probe errored: rpc error: code =  Unknown desc = failed to exec in container: failed to start exec "ded68077b71dc5fb4f72d3dfb94fea8d7db855f60a2f6f7f9f51bed80d90ff94": OCI ru ntime exec failed: exec failed: unable to start container process: exec /bin/sh: exec format error: unknown
55s         Warning   Unhealthy                pod/openebs-localpv-provisioner-5c7dfdf9fb-tsml7    (combined from similar events): Liveness  probe errored: rpc error: code = Unknown desc = failed to exec in container: failed to start exec "d0c7b73d92e01c593fd3bdef03fae62eabca45db9 1284a42fbf175e79a2654d2": OCI runtime exec failed: exec failed: unable to start container process: exec /bin/sh: exec format error: unknown
